2019-06-18 23:51:53.895 [main] INFO  c.e.demo.BootSecurityJpa1Application - Starting BootSecurityJpa1Application on carrey with PID 2664 (C:\development\projects\boot-security-jpa-1\bin\main started by 조하명 in C:\development\projects\boot-security-jpa-1)
2019-06-18 23:51:53.903 [main] INFO  c.e.demo.BootSecurityJpa1Application - No active profile set, falling back to default profiles: default
2019-06-18 23:51:54.536 [main] INFO  o.s.d.r.c.RepositoryConfigurationDelegate - Bootstrapping Spring Data repositories in DEFAULT mode.
2019-06-18 23:51:54.599 [main] INFO  o.s.d.r.c.RepositoryConfigurationDelegate - Finished Spring Data repository scanning in 55ms. Found 1 repository interfaces.
2019-06-18 23:51:54.894 [main] INFO  o.s.c.s.PostProcessorRegistrationDelegate$BeanPostProcessorChecker - Bean 'org.springframework.transaction.annotation.ProxyTransactionManagementConfiguration' of type [org.springframework.transaction.annotation.ProxyTransactionManagementConfiguration$$EnhancerBySpringCGLIB$$959c4fcf] is not eligible for getting processed by all BeanPostProcessors (for example: not eligible for auto-proxying)
2019-06-18 23:51:55.127 [main] INFO  o.s.b.w.e.tomcat.TomcatWebServer - Tomcat initialized with port(s): 8080 (http)
2019-06-18 23:51:55.140 [main] INFO  o.a.coyote.http11.Http11NioProtocol - Initializing ProtocolHandler ["http-nio-8080"]
2019-06-18 23:51:55.148 [main] INFO  o.a.catalina.core.StandardService - Starting service [Tomcat]
2019-06-18 23:51:55.148 [main] INFO  o.a.catalina.core.StandardEngine - Starting Servlet engine: [Apache Tomcat/9.0.19]
2019-06-18 23:51:55.279 [main] INFO  o.a.c.c.C.[Tomcat].[localhost].[/] - Initializing Spring embedded WebApplicationContext
2019-06-18 23:51:55.280 [main] INFO  o.s.web.context.ContextLoader - Root WebApplicationContext: initialization completed in 1332 ms
2019-06-18 23:51:55.420 [main] INFO  com.zaxxer.hikari.HikariDataSource - HikariPool-1 - Starting...
2019-06-18 23:51:55.558 [main] INFO  com.zaxxer.hikari.HikariDataSource - HikariPool-1 - Start completed.
2019-06-18 23:51:55.596 [main] INFO  o.h.jpa.internal.util.LogHelper - HHH000204: Processing PersistenceUnitInfo [
	name: default
	...]
2019-06-18 23:51:55.718 [main] INFO  org.hibernate.Version - HHH000412: Hibernate Core {5.3.10.Final}
2019-06-18 23:51:55.719 [main] INFO  org.hibernate.cfg.Environment - HHH000206: hibernate.properties not found
2019-06-18 23:51:55.823 [main] INFO  o.h.annotations.common.Version - HCANN000001: Hibernate Commons Annotations {5.0.4.Final}
2019-06-18 23:51:55.936 [main] INFO  org.hibernate.dialect.Dialect - HHH000400: Using dialect: org.hibernate.dialect.MariaDB10Dialect
2019-06-18 23:51:56.524 [main] INFO  o.h.t.s.internal.SchemaCreatorImpl - HHH000476: Executing import script 'org.hibernate.tool.schema.internal.exec.ScriptSourceInputNonExistentImpl@6c184d4d'
2019-06-18 23:51:56.526 [main] INFO  o.s.o.j.LocalContainerEntityManagerFactoryBean - Initialized JPA EntityManagerFactory for persistence unit 'default'
2019-06-18 23:51:56.889 [main] INFO  o.s.s.c.ThreadPoolTaskExecutor - Initializing ExecutorService 'applicationTaskExecutor'
2019-06-18 23:51:56.918 [main] WARN  o.s.b.a.o.j.JpaBaseConfiguration$JpaWebConfiguration$JpaWebMvcConfiguration - spring.jpa.open-in-view is enabled by default. Therefore, database queries may be performed during view rendering. Explicitly configure spring.jpa.open-in-view to disable this warning
2019-06-18 23:51:57.039 [main] INFO  o.a.coyote.http11.Http11NioProtocol - Starting ProtocolHandler ["http-nio-8080"]
2019-06-18 23:51:57.061 [main] INFO  o.s.b.w.e.tomcat.TomcatWebServer - Tomcat started on port(s): 8080 (http) with context path ''
2019-06-18 23:51:57.064 [main] INFO  c.e.demo.BootSecurityJpa1Application - Started BootSecurityJpa1Application in 3.621 seconds (JVM running for 4.782)
2019-06-18 23:52:42.851 [http-nio-8080-exec-1] INFO  o.a.c.c.C.[Tomcat].[localhost].[/] - Initializing Spring DispatcherServlet 'dispatcherServlet'
2019-06-18 23:52:42.852 [http-nio-8080-exec-1] INFO  o.s.web.servlet.DispatcherServlet - Initializing Servlet 'dispatcherServlet'
2019-06-18 23:52:42.861 [http-nio-8080-exec-1] INFO  o.s.web.servlet.DispatcherServlet - Completed initialization in 8 ms
2019-06-18 23:52:42.897 [http-nio-8080-exec-1] INFO  c.e.demo.controller.MainController - zzz
2019-06-18 23:53:41.055 [RMI TCP Connection(4)-127.0.0.1] INFO  o.s.b.a.SpringApplicationAdminMXBeanRegistrar$SpringApplicationAdmin - Application shutdown requested.
2019-06-18 23:53:41.056 [RMI TCP Connection(4)-127.0.0.1] INFO  o.s.s.c.ThreadPoolTaskExecutor - Shutting down ExecutorService 'applicationTaskExecutor'
2019-06-18 23:53:41.057 [RMI TCP Connection(4)-127.0.0.1] INFO  o.s.o.j.LocalContainerEntityManagerFactoryBean - Closing JPA EntityManagerFactory for persistence unit 'default'
2019-06-18 23:53:41.059 [RMI TCP Connection(4)-127.0.0.1] INFO  com.zaxxer.hikari.HikariDataSource - HikariPool-1 - Shutdown initiated...
2019-06-18 23:53:41.098 [RMI TCP Connection(4)-127.0.0.1] INFO  com.zaxxer.hikari.HikariDataSource - HikariPool-1 - Shutdown completed.
